<?xml version="1.0" encoding="UTF-8" standalone="no"?>
<testsuite failures="0" name="cucumber.runtime.formatter.JUnitFormatter" skipped="0" tests="1" time="7.198534">
<testcase classname="Calculator Application" name="Adding Two single digit numbers" time="7.198534">
<system-out><![CDATA[Given Calculator App is open................................................passed
When I click on "2".........................................................passed
Then I click on plus sign "+"...............................................passed
Then I click on "2".........................................................passed
Then I click on Equals to sign "="..........................................passed
Then I will check the "4"...................................................passed
]]></system-out>
</testcase>
</testsuite>
